<?xml version="1.0" encoding="UTF-8"?>
<!-- Generated by org.testng.reporters.JUnitReportReporter -->
<testsuite skipped="0" hostname="Jobin-PC" name="EBApparel_Tests.Functional_tests" tests="1" failures="0" timestamp="2020-03-02T18:14:39 EST" time="9.629" errors="0">
  <testcase name="invalidlogintest" time="9.629" classname="EBApparel_Tests.Functional_tests"/>
</testsuite> <!-- EBApparel_Tests.Functional_tests -->
