<?xml version="1.0" encoding="UTF-8"?>
<!-- Generated by org.testng.reporters.JUnitReportReporter -->
<testsuite skipped="0" hostname="Jobin-PC" name="com.qa.tests.DemoTest" tests="3" failures="0" timestamp="2020-02-10T16:31:29 EST" time="0.042" errors="0">
  <testcase name="multest" time="0.003" classname="com.qa.tests.DemoTest"/>
  <testcase name="subtest" time="0.003" classname="com.qa.tests.DemoTest"/>
  <testcase name="addtest" time="0.036" classname="com.qa.tests.DemoTest"/>
</testsuite> <!-- com.qa.tests.DemoTest -->
