<?xml version="1.0" encoding="UTF-8"?>
<!-- Generated by org.testng.reporters.JUnitReportReporter -->
<testsuite skipped="0" hostname="Jobin-PC" name="com.ebgames.saf.tests.LoginTestCase" tests="1" failures="0" timestamp="2020-03-02T19:26:04 EST" time="3.881" errors="0">
  <testcase name="invalidlogintest" time="3.881" classname="com.ebgames.saf.tests.LoginTestCase"/>
</testsuite> <!-- com.ebgames.saf.tests.LoginTestCase -->
