<?xml version="1.0" encoding="UTF-8"?>
<!-- Generated by org.testng.reporters.JUnitReportReporter -->
<testsuite skipped="0" hostname="Jobin-PC" name="W3school_Tests.GUI_tests" tests="2" failures="0" timestamp="2020-02-10T22:39:02 EST" time="3.393" errors="0">
  <testcase name="test_searchoption" time="3.349" classname="W3school_Tests.GUI_tests"/>
  <testcase name="test_homepage_title" time="0.044" classname="W3school_Tests.GUI_tests"/>
</testsuite> <!-- W3school_Tests.GUI_tests -->
