<?xml version="1.0" encoding="UTF-8"?>
<!-- Generated by org.testng.reporters.JUnitReportReporter -->
<testsuite skipped="0" hostname="Jobin-PC" name="EBApparel_Tests.Functional_tests" tests="1" failures="0" timestamp="2020-02-13T18:00:45 EST" time="1.858" errors="0">
  <testcase name="imgsearch" time="1.858" classname="EBApparel_Tests.Functional_tests"/>
</testsuite> <!-- EBApparel_Tests.Functional_tests -->
