<?xml version="1.0" encoding="UTF-8"?>
<!-- Generated by org.testng.reporters.JUnitReportReporter -->
<testsuite skipped="0" hostname="Jobin-PC" name="Demo_Test.Sel_Test" tests="1" failures="0" timestamp="2020-02-10T18:42:54 EST" time="57.113" errors="0">
  <testcase name="JenkinTest" time="57.113" classname="Demo_Test.Sel_Test"/>
</testsuite> <!-- Demo_Test.Sel_Test -->
